Base path: 'C:/Program Files/Unity/Hub/Editor/2020.1.0a21/Editor/Data', plugins path 'C:/Program Files/Unity/Hub/Editor/2020.1.0a21/Editor/Data/PlaybackEngines'
Cmd: initializeCompiler
Cmd: compileSnippet
  api=4 type=1 insize=11809 outsize=1806 kw=FINALPASS COLOR_GRADING_HDR_3D pd=UNITY_ENABLE_REFLECTION_BUFFERS UNITY_USE_DITHER_MASK_FOR_ALPHABLENDED_SHADOWS UNITY_PBS_USE_BRDF1 UNITY_SPECCUBE_BOX_PROJECTION UNITY_SPECCUBE_BLENDING UNITY_ENABLE_DETAIL_NORMALMAP SHADER_API_DESKTOP UNITY_LIGHT_PROBE_PROXY_VOLUME UNITY_LIGHTMAP_FULL_HDR dkw=DISTORT CHROMATIC_ABERRATION CHROMATIC_ABERRATION_LOW BLOOM BLOOM_LOW VIGNETTE GRAIN COLOR_GRADING_LDR_2D COLOR_GRADING_HDR_2D STEREO_INSTANCING_ENABLED STEREO_DOUBLEWIDE_TARGET UNITY_NO_DXT5nm UNITY_NO_RGBM UNITY_USE_NATIVE_HDR UNITY_FRAMEBUFFER_FETCH_AVAILABLE UNITY_ENABLE_NATIVE_SHADOW_LOOKUPS UNITY_METAL_SHADOWS_USE_POINT_FILTERING UNITY_NO_CUBEMAP_ARRAY UNITY_NO_SCREENSPACE_SHADOWS UNITY_PBS_USE_BRDF2 UNITY_PBS_USE_BRDF3 UNITY_NO_FULL_STANDARD_SHADER SHADER_API_MOBILE UNITY_HARDWARE_TIER1 UNITY_HARDWARE_TIER2 UNITY_HARDWARE_TIER3 UNITY_COLORSPACE_GAMMA UNITY_HALF_PRECISION_FRAGMENT_SHADER_REGISTERS UNITY_LIGHTMAP_DLDR_ENCODING UNITY_LIGHTMAP_RGBM_ENCODING UNITY_VIRTUAL_TEXTURING ok=1
Cmd: compileSnippet
  api=4 type=0 insize=2992 outsize=1282 kw= pd=UNITY_ENABLE_REFLECTION_BUFFERS UNITY_USE_DITHER_MASK_FOR_ALPHABLENDED_SHADOWS UNITY_PBS_USE_BRDF1 UNITY_SPECCUBE_BOX_PROJECTION UNITY_SPECCUBE_BLENDING UNITY_ENABLE_DETAIL_NORMALMAP SHADER_API_DESKTOP UNITY_LIGHT_PROBE_PROXY_VOLUME UNITY_LIGHTMAP_FULL_HDR dkw=UNITY_UI_CLIP_RECT UNITY_UI_ALPHACLIP UNITY_NO_DXT5nm UNITY_NO_RGBM UNITY_USE_NATIVE_HDR UNITY_FRAMEBUFFER_FETCH_AVAILABLE UNITY_ENABLE_NATIVE_SHADOW_LOOKUPS UNITY_METAL_SHADOWS_USE_POINT_FILTERING UNITY_NO_CUBEMAP_ARRAY UNITY_NO_SCREENSPACE_SHADOWS UNITY_PBS_USE_BRDF2 UNITY_PBS_USE_BRDF3 UNITY_NO_FULL_STANDARD_SHADER SHADER_API_MOBILE UNITY_HARDWARE_TIER1 UNITY_HARDWARE_TIER2 UNITY_HARDWARE_TIER3 UNITY_COLORSPACE_GAMMA UNITY_HALF_PRECISION_FRAGMENT_SHADER_REGISTERS UNITY_LIGHTMAP_DLDR_ENCODING UNITY_LIGHTMAP_RGBM_ENCODING UNITY_VIRTUAL_TEXTURING ok=1
Cmd: compileComputeKernel
  api=4 insize=1505 outsize=607 ok=1
Cmd: compileComputeKernel
  api=4 insize=3158 outsize=47807 ok=1
Cmd: compileComputeKernel
  api=4 insize=11176 outsize=9844 ok=1
Cmd: compileComputeKernel
  api=4 insize=3532 outsize=2626 ok=1
Cmd: compileComputeKernel
  api=4 insize=2120 outsize=1009 ok=1
Cmd: compileComputeKernel
  api=4 insize=5032 outsize=4121 ok=1
Cmd: compileComputeKernel
  api=4 insize=5032 outsize=3712 ok=1
Cmd: compileComputeKernel
  api=4 insize=18731 outsize=10511 ok=1
Cmd: compileComputeKernel
  api=4 insize=18731 outsize=8527 ok=1
Cmd: compileComputeKernel
  api=4 insize=18731 outsize=8657 ok=1
Cmd: compileComputeKernel
  api=4 insize=1226 outsize=776 ok=1
Cmd: compileComputeKernel
  api=4 insize=1864 outsize=565 ok=1
